0 info it worked if it ends with ok
1 verbose cli [ '/usr/local/bin/node',
1 verbose cli   '/usr/local/bin/npm',
1 verbose cli   'install',
1 verbose cli   'phpmyadmin',
1 verbose cli   'apache2-utils' ]
2 info using npm@2.14.7
3 info using node@v4.2.1
4 verbose config Skipping project config: /Users/Titan/.npmrc. (matches userconfig)
5 verbose install initial load of /Users/Titan/package.json
6 verbose readDependencies loading dependencies from /Users/Titan/package.json
7 silly cache add args [ 'phpmyadmin', null ]
8 verbose cache add spec phpmyadmin
9 silly cache add args [ 'apache2-utils', null ]
10 verbose cache add spec apache2-utils
11 silly cache add parsed spec Result {
11 silly cache add   raw: 'phpmyadmin',
11 silly cache add   scope: null,
11 silly cache add   name: 'phpmyadmin',
11 silly cache add   rawSpec: '',
11 silly cache add   spec: '*',
11 silly cache add   type: 'range' }
12 silly addNamed phpmyadmin@*
13 verbose addNamed "*" is a valid semver range for phpmyadmin
14 silly addNameRange { name: 'phpmyadmin', range: '*', hasData: false }
15 silly mapToRegistry name phpmyadmin
16 silly mapToRegistry using default registry
17 silly mapToRegistry registry https://registry.npmjs.org/
18 silly mapToRegistry uri https://registry.npmjs.org/phpmyadmin
19 verbose addNameRange registry:https://registry.npmjs.org/phpmyadmin not in flight; fetching
20 silly cache add parsed spec Result {
20 silly cache add   raw: 'apache2-utils',
20 silly cache add   scope: null,
20 silly cache add   name: 'apache2-utils',
20 silly cache add   rawSpec: '',
20 silly cache add   spec: '*',
20 silly cache add   type: 'range' }
21 silly addNamed apache2-utils@*
22 verbose addNamed "*" is a valid semver range for apache2-utils
23 silly addNameRange { name: 'apache2-utils', range: '*', hasData: false }
24 silly mapToRegistry name apache2-utils
25 silly mapToRegistry using default registry
26 silly mapToRegistry registry https://registry.npmjs.org/
27 silly mapToRegistry uri https://registry.npmjs.org/apache2-utils
28 verbose addNameRange registry:https://registry.npmjs.org/apache2-utils not in flight; fetching
29 verbose request uri https://registry.npmjs.org/apache2-utils
30 verbose request no auth needed
31 info attempt registry request try #1 at 7:50:35 PM
32 verbose request id 9f101565372a6379
33 http request GET https://registry.npmjs.org/apache2-utils
34 verbose request uri https://registry.npmjs.org/phpmyadmin
35 verbose request no auth needed
36 info attempt registry request try #1 at 7:50:35 PM
37 http request GET https://registry.npmjs.org/phpmyadmin
38 http 404 https://registry.npmjs.org/phpmyadmin
39 verbose headers { 'content-type': 'application/json',
39 verbose headers   'cache-control': 'max-age=0',
39 verbose headers   'content-length': '2',
39 verbose headers   'accept-ranges': 'bytes',
39 verbose headers   date: 'Wed, 04 Nov 2015 00:50:35 GMT',
39 verbose headers   via: '1.1 varnish',
39 verbose headers   age: '0',
39 verbose headers   connection: 'keep-alive',
39 verbose headers   'x-served-by': 'cache-iad2143-IAD',
39 verbose headers   'x-cache': 'MISS',
39 verbose headers   'x-cache-hits': '0',
39 verbose headers   'x-timer': 'S1446598235.692162,VS0,VE19' }
40 silly get cb [ 404,
40 silly get   { 'content-type': 'application/json',
40 silly get     'cache-control': 'max-age=0',
40 silly get     'content-length': '2',
40 silly get     'accept-ranges': 'bytes',
40 silly get     date: 'Wed, 04 Nov 2015 00:50:35 GMT',
40 silly get     via: '1.1 varnish',
40 silly get     age: '0',
40 silly get     connection: 'keep-alive',
40 silly get     'x-served-by': 'cache-iad2143-IAD',
40 silly get     'x-cache': 'MISS',
40 silly get     'x-cache-hits': '0',
40 silly get     'x-timer': 'S1446598235.692162,VS0,VE19' } ]
41 http 404 https://registry.npmjs.org/apache2-utils
42 verbose headers { 'content-type': 'application/json',
42 verbose headers   'cache-control': 'max-age=0',
42 verbose headers   'content-length': '2',
42 verbose headers   'accept-ranges': 'bytes',
42 verbose headers   date: 'Wed, 04 Nov 2015 00:50:35 GMT',
42 verbose headers   via: '1.1 varnish',
42 verbose headers   age: '0',
42 verbose headers   connection: 'keep-alive',
42 verbose headers   'x-served-by': 'cache-iad2144-IAD',
42 verbose headers   'x-cache': 'MISS',
42 verbose headers   'x-cache-hits': '0',
42 verbose headers   'x-timer': 'S1446598235.694375,VS0,VE88' }
43 silly get cb [ 404,
43 silly get   { 'content-type': 'application/json',
43 silly get     'cache-control': 'max-age=0',
43 silly get     'content-length': '2',
43 silly get     'accept-ranges': 'bytes',
43 silly get     date: 'Wed, 04 Nov 2015 00:50:35 GMT',
43 silly get     via: '1.1 varnish',
43 silly get     age: '0',
43 silly get     connection: 'keep-alive',
43 silly get     'x-served-by': 'cache-iad2144-IAD',
43 silly get     'x-cache': 'MISS',
43 silly get     'x-cache-hits': '0',
43 silly get     'x-timer': 'S1446598235.694375,VS0,VE88' } ]
44 verbose stack Error: Registry returned 404 for GET on https://registry.npmjs.org/phpmyadmin
44 verbose stack     at makeError (/usr/local/lib/node_modules/npm/node_modules/npm-registry-client/lib/request.js:264:12)
44 verbose stack     at CachingRegistryClient.<anonymous> (/usr/local/lib/node_modules/npm/node_modules/npm-registry-client/lib/request.js:242:14)
44 verbose stack     at Request._callback (/usr/local/lib/node_modules/npm/node_modules/npm-registry-client/lib/request.js:172:14)
44 verbose stack     at Request.self.callback (/usr/local/lib/node_modules/npm/node_modules/request/request.js:198:22)
44 verbose stack     at emitTwo (events.js:87:13)
44 verbose stack     at Request.emit (events.js:172:7)
44 verbose stack     at Request.<anonymous> (/usr/local/lib/node_modules/npm/node_modules/request/request.js:1063:14)
44 verbose stack     at emitOne (events.js:82:20)
44 verbose stack     at Request.emit (events.js:169:7)
44 verbose stack     at IncomingMessage.<anonymous> (/usr/local/lib/node_modules/npm/node_modules/request/request.js:1009:12)
45 verbose statusCode 404
46 verbose pkgid phpmyadmin
47 verbose cwd /Users/Titan
48 error Darwin 14.5.0
49 error argv "/usr/local/bin/node" "/usr/local/bin/npm" "install" "phpmyadmin" "apache2-utils"
50 error node v4.2.1
51 error npm  v2.14.7
52 error code E404
53 error 404 Registry returned 404 for GET on https://registry.npmjs.org/phpmyadmin
53 error 404
53 error 404 'phpmyadmin' is not in the npm registry.
53 error 404 You should bug the author to publish it (or use the name yourself!)
53 error 404
53 error 404 Note that you can also install from a
53 error 404 tarball, folder, http url, or git url.
54 verbose exit [ 1, true ]
